<?xml version="1.0" encoding="UTF-8"?>
<!-- Generated by org.testng.reporters.JUnitReportReporter -->
<testsuite hostname="DESKTOP-DJ4FDME" failures="0" tests="1" name="org.wipro.auto.fb.testcases.SignUpTC" time="8.560" errors="0" timestamp="2024-04-15T20:12:08 IST" skipped="0">
  <testcase classname="org.wipro.auto.fb.testcases.SignUpTC" name="validatesignupfunc" time="8.560"/>
</testsuite> <!-- org.wipro.auto.fb.testcases.SignUpTC -->
