<?xml version="1.0" encoding="UTF-8"?>
<!-- Generated by org.testng.reporters.JUnitReportReporter -->
<testsuite hostname="DESKTOP-DJ4FDME" failures="0" tests="1" name="org.xyz.automation.fb.FetchData" time="3.460" errors="0" timestamp="2024-04-05T20:22:07 IST" skipped="0">
  <testcase classname="org.xyz.automation.fb.FetchData" name="launchBrowser" time="3.460"/>
</testsuite> <!-- org.xyz.automation.fb.FetchData -->
