<?xml version="1.0" encoding="UTF-8"?>
<!-- Generated by org.testng.reporters.JUnitReportReporter -->
<testsuite hostname="DESKTOP-DJ4FDME" failures="0" tests="4" name="org.xyz.automation.fb.KeyboardMouseOperation" time="26.775" errors="0" timestamp="2024-04-10T20:18:53 IST" skipped="2">
  <testcase classname="org.xyz.automation.fb.KeyboardMouseOperation" name="handlealerts" time="2.776"/>
  <testcase classname="org.xyz.automation.fb.KeyboardMouseOperation" name="handleFrames" time="23.999"/>
  <testcase classname="org.xyz.automation.fb.KeyboardMouseOperation" name="handleKeyboard">
    <skipped/>
  </testcase> <!-- handleKeyboard -->
  <testcase classname="org.xyz.automation.fb.KeyboardMouseOperation" name="hanldeMouse">
    <skipped/>
  </testcase> <!-- hanldeMouse -->
</testsuite> <!-- org.xyz.automation.fb.KeyboardMouseOperation -->
