<?xml version="1.0" encoding="UTF-8"?>
<!-- Generated by org.testng.reporters.JUnitReportReporter -->
<testsuite hostname="DESKTOP-DJ4FDME" failures="0" tests="2" name="testNGDemo.TestScenario7" time="0.002" errors="0" timestamp="2024-03-21T20:15:44 IST" skipped="0">
  <testcase classname="testNGDemo.TestScenario7" name="first_testcase" time="0.001"/>
  <testcase classname="testNGDemo.TestScenario7" name="third_testcase" time="0.001"/>
</testsuite> <!-- testNGDemo.TestScenario7 -->
