<?xml version="1.0" encoding="UTF-8"?>
<!-- Generated by org.testng.reporters.JUnitReportReporter -->
<testsuite hostname="DESKTOP-DJ4FDME" failures="0" tests="1" name="testNGDemo.TestScenario8" time="0.001" errors="0" timestamp="2024-03-21T20:15:59 IST" skipped="0">
  <testcase classname="testNGDemo.TestScenario8" name="fifth_testcase" time="0.001"/>
</testsuite> <!-- testNGDemo.TestScenario8 -->
