<?xml version="1.0" encoding="UTF-8"?>
<!-- Generated by org.testng.reporters.JUnitReportReporter -->
<testsuite hostname="DESKTOP-DJ4FDME" failures="0" tests="1" name="org.xyz.automation.fb.DifferentControl" time="11.459" errors="0" timestamp="2024-04-08T20:10:39 IST" skipped="0">
  <testcase classname="org.xyz.automation.fb.DifferentControl" name="launchBrowser" time="11.459"/>
</testsuite> <!-- org.xyz.automation.fb.DifferentControl -->
