<?xml version="1.0" encoding="UTF-8"?>
<!-- Generated by org.testng.reporters.JUnitReportReporter -->
<testsuite hostname="DESKTOP-DJ4FDME" failures="0" tests="2" name="org.xyz.automation.fb.FirstAutomation" time="5.585" errors="0" timestamp="2024-04-08T19:59:30 IST" skipped="1">
  <testcase classname="org.xyz.automation.fb.FirstAutomation" name="signupfunc" time="5.585"/>
  <testcase classname="org.xyz.automation.fb.FirstAutomation" name="loginfunc">
    <skipped/>
  </testcase> <!-- loginfunc -->
</testsuite> <!-- org.xyz.automation.fb.FirstAutomation -->
