<?xml version="1.0" encoding="UTF-8"?>
<!-- Generated by org.testng.reporters.JUnitReportReporter -->
<testsuite hostname="DESKTOP-DJ4FDME" failures="0" tests="7" name="testNGDemo.TestScenario5" time="0.017" errors="0" timestamp="2024-03-21T20:14:49 IST" skipped="0">
  <testcase classname="testNGDemo.TestScenario5" name="second_testcase" time="0.002"/>
  <testcase classname="testNGDemo.TestScenario5" name="sixth_testcase" time="0.003"/>
  <testcase classname="testNGDemo.TestScenario5" name="forth_testcase" time="0.002"/>
  <testcase classname="testNGDemo.TestScenario5" name="third_testcase" time="0.002"/>
  <testcase classname="testNGDemo.TestScenario5" name="seven_testcase" time="0.001"/>
  <testcase classname="testNGDemo.TestScenario5" name="first_testcase" time="0.005"/>
  <testcase classname="testNGDemo.TestScenario5" name="fifth_testcase" time="0.002"/>
</testsuite> <!-- testNGDemo.TestScenario5 -->
