<?xml version="1.0" encoding="UTF-8"?>
<!-- Generated by org.testng.reporters.JUnitReportReporter -->
<testsuite hostname="DESKTOP-DJ4FDME" failures="0" tests="3" name="org.wipro.auto.fb.testcases.LoginScenario" time="21.149" errors="0" timestamp="2024-04-15T19:57:55 IST" skipped="0">
  <testcase classname="org.wipro.auto.fb.testcases.LoginScenario" name="validateloginfunc" time="6.453"/>
  <testcase classname="org.wipro.auto.fb.testcases.LoginScenario" name="validateloginfunc" time="6.656"/>
  <testcase classname="org.wipro.auto.fb.testcases.LoginScenario" name="validateloginfunc" time="8.040"/>
</testsuite> <!-- org.wipro.auto.fb.testcases.LoginScenario -->
